<?xml version="1.0" encoding="utf-8"?><testsuites><testsuite name="pytest" errors="0" failures="0" skipped="0" tests="2" time="25.143" timestamp="2023-02-06T23:08:38.987638" hostname="DESKTOP-RDCKKHI"><testcase classname="test_dir.test_baidu.TestSearch" name="test_baidu_search_case" time="17.029" /><testcase classname="test_dir.test_baidu.TestSearchSettings" name="test_baidu_search_setting" time="7.717" /></testsuite></testsuites>