<?xml version="1.0" encoding="utf-8"?><testsuites><testsuite name="pytest" errors="0" failures="0" skipped="0" tests="2" time="23.310" timestamp="2022-11-04T21:17:22.201454" hostname="DESKTOP-RDCKKHI"><testcase classname="test_dir.test_baidu.TestSearch" name="test_baidu_search_case" time="14.844" /><testcase classname="test_dir.test_baidu.TestSearchSettings" name="test_baidu_search_setting" time="7.858" /></testsuite></testsuites>