<?xml version="1.0" encoding="utf-8"?><testsuites><testsuite name="pytest" errors="0" failures="0" skipped="0" tests="2" time="18.672" timestamp="2022-11-06T23:06:06.030047" hostname="DESKTOP-RDCKKHI"><testcase classname="test_dir.test_baidu.TestSearch" name="test_baidu_search_case" time="11.025" /><testcase classname="test_dir.test_baidu.TestSearchSettings" name="test_baidu_search_setting" time="7.444" /></testsuite></testsuites>