<?xml version="1.0" encoding="utf-8"?><testsuites><testsuite name="pytest" errors="0" failures="0" skipped="0" tests="2" time="28.886" timestamp="2023-02-07T00:06:31.370867" hostname="DESKTOP-RDCKKHI"><testcase classname="test_dir.test_baidu.TestSearch" name="test_baidu_search_case" time="20.712" /><testcase classname="test_dir.test_baidu.TestSearchSettings" name="test_baidu_search_setting" time="7.867" /></testsuite></testsuites>