<?xml version="1.0" encoding="utf-8"?><testsuites><testsuite name="pytest" errors="0" failures="0" skipped="0" tests="2" time="16.203" timestamp="2023-02-06T23:21:11.530254" hostname="DESKTOP-RDCKKHI"><testcase classname="test_dir.test_baidu.TestSearch" name="test_baidu_search_case" time="8.158" /><testcase classname="test_dir.test_baidu.TestSearchSettings" name="test_baidu_search_setting" time="7.772" /></testsuite></testsuites>